INFO:root:Logger initialized
INFO:root:Opening shopping cart
INFO:root:Added Items in cart and checkout
INFO:root:Verified and card items and discount
INFO:root:Completed purchase
INFO:root:Opening shopping cart
INFO:root:Added Items in cart and checkout
INFO:root:Verified and card items and discount
INFO:root:Completed purchase
INFO:root:Logger initialized
INFO:root:Opening shopping cart
INFO:root:Added Items in cart and checkout
INFO:root:Verified and card items and discount
INFO:root:Completed purchase
INFO:root:Opening shopping cart
INFO:root:Added Items in cart and checkout
INFO:root:Verified and card items and discount
INFO:root:Completed purchase
INFO:root:Logger initialized
INFO:root:Opening shopping cart
INFO:root:Added Items in cart and checkout
INFO:root:Verified and card items and discount
INFO:root:Completed purchase
INFO:root:Opening shopping cart
INFO:root:Added Items in cart and checkout
INFO:root:Verified and card items and discount
INFO:root:Completed purchase
INFO:root:Logger initialized
INFO:root:Opening shopping cart
INFO:root:Added Items in cart and checkout
INFO:root:Opening shopping cart
INFO:root:Added Items in cart and checkout
INFO:root:Logger initialized
INFO:root:Opening shopping cart
INFO:root:Added Items in cart and checkout
INFO:root:Verified and card items and discount
INFO:root:Completed purchase
INFO:root:Opening shopping cart
INFO:root:Added Items in cart and checkout
INFO:root:Logger initialized
INFO:root:Opening shopping cart
INFO:root:Added Items in cart and checkout
INFO:root:Verified and card items and discount
INFO:root:Completed purchase
INFO:root:Opening shopping cart
INFO:root:Added Items in cart and checkout
INFO:root:Verified and card items and discount
INFO:root:Completed purchase
INFO:root:Logger initialized
INFO:root:Opening shopping cart
INFO:root:Added Items in cart and checkout
INFO:root:Verified and card items and discount
INFO:root:Completed purchase
INFO:root:Opening shopping cart
INFO:root:Added Items in cart and checkout
INFO:root:Verified and card items and discount
INFO:root:Completed purchase
INFO:root:Logger initialized
INFO:root:Opening shopping cart
INFO:root:Added Items in cart and checkout
INFO:root:Verified and card items and discount
INFO:root:Completed purchase
INFO:root:Opening shopping cart
INFO:root:Added Items in cart and checkout
INFO:root:Verified and card items and discount
INFO:root:Completed purchase
INFO:root:Opening shopping cart
INFO:root:Added Items in cart and checkout
INFO:root:Verified and card items and discount
INFO:root:Completed purchase
